

***********************************************************************
Fatal NI connect error 12541, connecting to:
 (DESCRIPTION=(ADDRESS=(PROTOCOL=TCP)(HOST=192.168.28.101)(PORT=1521))(CONNECT_DATA=(SERVER=DEDICATED)(SERVICE_NAME=adaft)(CID=(PROGRAM=E:\Zxl\CodeSln\Zxl.ConsolePro\bin\Debug\Zxl.ConsolePro.vshost.exe)(HOST=DSH07ERICZHANG)(USER=Eric.Zhang))))

  VERSION INFORMATION:
	TNS for 32-bit Windows: Version 10.2.0.1.0 - Production
	Windows NT TCP/IP NT Protocol Adapter for 32-bit Windows: Version 10.2.0.1.0 - Production
  Time: 22-1月 -2013 14:54:15
  Tracing not turned on.
  Tns error struct:
    ns main err code: 12541
    TNS-12541: TNS: 无监听程序
    ns secondary err code: 12560
    nt main err code: 511
    TNS-00511: 无监听程序
    nt secondary err code: 61
    nt OS err code: 0


***********************************************************************
Fatal NI connect error 12541, connecting to:
 (DESCRIPTION=(ADDRESS=(PROTOCOL=TCP)(HOST=192.168.28.101)(PORT=1521))(CONNECT_DATA=(SERVER=DEDICATED)(SERVICE_NAME=adaft)(CID=(PROGRAM=E:\Zxl\CodeSln\Zxl.ConsolePro\bin\Debug\Zxl.ConsolePro.vshost.exe)(HOST=DSH07ERICZHANG)(USER=Eric.Zhang))))

  VERSION INFORMATION:
	TNS for 32-bit Windows: Version 10.2.0.1.0 - Production
	Windows NT TCP/IP NT Protocol Adapter for 32-bit Windows: Version 10.2.0.1.0 - Production
  Time: 22-1月 -2013 14:55:03
  Tracing not turned on.
  Tns error struct:
    ns main err code: 12541
    TNS-12541: TNS: 无监听程序
    ns secondary err code: 12560
    nt main err code: 511
    TNS-00511: 无监听程序
    nt secondary err code: 61
    nt OS err code: 0
